2016-05-03 10:01:54 - PHP Notice:  Indirect modification of overloaded property ControllerCustompageMycustompage::$data has no effect in C:\wamp\www\projectfordmitry\catalog\controller\custompage\mycustompage.php on line 25
2016-05-03 10:05:41 - PHP Notice:  Indirect modification of overloaded property ControllerCustompageMycustompage::$data has no effect in C:\wamp\www\projectfordmitry\catalog\controller\custompage\mycustompage.php on line 25
2016-05-03 10:08:04 - PHP Notice:  Undefined variable: heading_title in C:\wamp\www\projectfordmitry\catalog\view\theme\default\template\error\not_found.tpl on line 17
2016-05-03 10:08:04 - PHP Notice:  Undefined variable: text_error in C:\wamp\www\projectfordmitry\catalog\view\theme\default\template\error\not_found.tpl on line 18
2016-05-03 10:08:04 - PHP Notice:  Undefined variable: continue in C:\wamp\www\projectfordmitry\catalog\view\theme\default\template\error\not_found.tpl on line 20
2016-05-03 10:08:04 - PHP Notice:  Undefined variable: button_continue in C:\wamp\www\projectfordmitry\catalog\view\theme\default\template\error\not_found.tpl on line 20
2016-05-03 10:08:57 - PHP Notice:  Undefined variable: text_error in C:\wamp\www\projectfordmitry\catalog\view\theme\default\template\error\not_found.tpl on line 18
2016-05-03 10:08:57 - PHP Notice:  Undefined variable: continue in C:\wamp\www\projectfordmitry\catalog\view\theme\default\template\error\not_found.tpl on line 20
2016-05-03 10:08:57 - PHP Notice:  Undefined variable: button_continue in C:\wamp\www\projectfordmitry\catalog\view\theme\default\template\error\not_found.tpl on line 20
2016-05-03 10:09:47 - PHP Notice:  Undefined variable: heading_title in C:\wamp\www\projectfordmitry\catalog\view\theme\default\template\error\not_found.tpl on line 17
2016-05-03 10:09:47 - PHP Notice:  Undefined variable: text_error in C:\wamp\www\projectfordmitry\catalog\view\theme\default\template\error\not_found.tpl on line 18
2016-05-03 10:09:47 - PHP Notice:  Undefined variable: continue in C:\wamp\www\projectfordmitry\catalog\view\theme\default\template\error\not_found.tpl on line 20
2016-05-03 10:09:47 - PHP Notice:  Undefined variable: button_continue in C:\wamp\www\projectfordmitry\catalog\view\theme\default\template\error\not_found.tpl on line 20
2016-05-03 10:09:51 - PHP Notice:  Undefined variable: heading_title in C:\wamp\www\projectfordmitry\catalog\view\theme\default\template\error\not_found.tpl on line 17
2016-05-03 10:09:51 - PHP Notice:  Undefined variable: text_error in C:\wamp\www\projectfordmitry\catalog\view\theme\default\template\error\not_found.tpl on line 18
2016-05-03 10:09:51 - PHP Notice:  Undefined variable: continue in C:\wamp\www\projectfordmitry\catalog\view\theme\default\template\error\not_found.tpl on line 20
2016-05-03 10:09:51 - PHP Notice:  Undefined variable: button_continue in C:\wamp\www\projectfordmitry\catalog\view\theme\default\template\error\not_found.tpl on line 20
2016-05-03 10:10:53 - PHP Notice:  Undefined variable: heading_title in C:\wamp\www\projectfordmitry\catalog\view\theme\default\template\error\not_found.tpl on line 17
2016-05-03 10:10:53 - PHP Notice:  Undefined variable: text_error in C:\wamp\www\projectfordmitry\catalog\view\theme\default\template\error\not_found.tpl on line 18
2016-05-03 10:10:53 - PHP Notice:  Undefined variable: continue in C:\wamp\www\projectfordmitry\catalog\view\theme\default\template\error\not_found.tpl on line 20
2016-05-03 10:10:53 - PHP Notice:  Undefined variable: button_continue in C:\wamp\www\projectfordmitry\catalog\view\theme\default\template\error\not_found.tpl on line 20
2016-05-03 10:12:11 - PHP Notice:  Undefined variable: heading_title in C:\wamp\www\projectfordmitry\catalog\view\theme\default\template\custompage\mycustompage.tpl on line 19
2016-05-03 10:12:11 - PHP Notice:  Undefined variable: text_error in C:\wamp\www\projectfordmitry\catalog\view\theme\default\template\custompage\mycustompage.tpl on line 20
2016-05-03 10:12:11 - PHP Notice:  Undefined variable: continue in C:\wamp\www\projectfordmitry\catalog\view\theme\default\template\custompage\mycustompage.tpl on line 22
2016-05-03 10:12:11 - PHP Notice:  Undefined variable: button_continue in C:\wamp\www\projectfordmitry\catalog\view\theme\default\template\custompage\mycustompage.tpl on line 22
2016-05-03 10:12:14 - PHP Notice:  Undefined variable: heading_title in C:\wamp\www\projectfordmitry\catalog\view\theme\default\template\custompage\mycustompage.tpl on line 19
2016-05-03 10:12:14 - PHP Notice:  Undefined variable: text_error in C:\wamp\www\projectfordmitry\catalog\view\theme\default\template\custompage\mycustompage.tpl on line 20
2016-05-03 10:12:14 - PHP Notice:  Undefined variable: continue in C:\wamp\www\projectfordmitry\catalog\view\theme\default\template\custompage\mycustompage.tpl on line 22
2016-05-03 10:12:14 - PHP Notice:  Undefined variable: button_continue in C:\wamp\www\projectfordmitry\catalog\view\theme\default\template\custompage\mycustompage.tpl on line 22
2016-05-03 10:14:58 - PHP Notice:  Undefined variable: heading_title in C:\wamp\www\projectfordmitry\catalog\view\theme\default\template\custompage\mycustompage.tpl on line 19
2016-05-03 10:14:58 - PHP Notice:  Undefined variable: text_error in C:\wamp\www\projectfordmitry\catalog\view\theme\default\template\custompage\mycustompage.tpl on line 20
2016-05-03 10:14:58 - PHP Notice:  Undefined variable: continue in C:\wamp\www\projectfordmitry\catalog\view\theme\default\template\custompage\mycustompage.tpl on line 22
2016-05-03 10:14:58 - PHP Notice:  Undefined variable: button_continue in C:\wamp\www\projectfordmitry\catalog\view\theme\default\template\custompage\mycustompage.tpl on line 22
2016-05-03 10:16:16 - PHP Notice:  Undefined variable: continue in C:\wamp\www\projectfordmitry\catalog\view\theme\default\template\custompage\mycustompage.tpl on line 22
2016-05-03 10:16:16 - PHP Notice:  Undefined variable: button_continue in C:\wamp\www\projectfordmitry\catalog\view\theme\default\template\custompage\mycustompage.tpl on line 22
2016-05-03 10:25:18 - PHP Notice:  Undefined variable: continue in C:\wamp\www\projectfordmitry\catalog\view\theme\default\template\custompage\mycustompage.tpl on line 22
2016-05-03 10:25:18 - PHP Notice:  Undefined variable: button_continue in C:\wamp\www\projectfordmitry\catalog\view\theme\default\template\custompage\mycustompage.tpl on line 22
2016-05-03 10:26:16 - PHP Notice:  Undefined property: Template\Basic::$url in C:\wamp\www\projectfordmitry\catalog\view\theme\default\template\common\header.tpl on line 117
2016-05-03 10:29:40 - PHP Notice:  Undefined variable: continue in C:\wamp\www\projectfordmitry\catalog\view\theme\default\template\custompage\mycustompage.tpl on line 22
2016-05-03 10:29:40 - PHP Notice:  Undefined variable: button_continue in C:\wamp\www\projectfordmitry\catalog\view\theme\default\template\custompage\mycustompage.tpl on line 22
2016-05-03 10:29:43 - PHP Notice:  Undefined variable: continue in C:\wamp\www\projectfordmitry\catalog\view\theme\default\template\custompage\mycustompage.tpl on line 22
2016-05-03 10:29:43 - PHP Notice:  Undefined variable: button_continue in C:\wamp\www\projectfordmitry\catalog\view\theme\default\template\custompage\mycustompage.tpl on line 22
2016-05-03 10:29:48 - PHP Notice:  Undefined variable: continue in C:\wamp\www\projectfordmitry\catalog\view\theme\default\template\custompage\mycustompage.tpl on line 22
2016-05-03 10:29:48 - PHP Notice:  Undefined variable: button_continue in C:\wamp\www\projectfordmitry\catalog\view\theme\default\template\custompage\mycustompage.tpl on line 22
2016-05-03 10:41:35 - PHP Notice:  Undefined variable: continue in C:\wamp\www\projectfordmitry\catalog\view\theme\default\template\custompage\mycustompage.tpl on line 22
2016-05-03 10:41:35 - PHP Notice:  Undefined variable: button_continue in C:\wamp\www\projectfordmitry\catalog\view\theme\default\template\custompage\mycustompage.tpl on line 22
2016-05-03 10:42:25 - PHP Notice:  Undefined variable: continue in C:\wamp\www\projectfordmitry\catalog\view\theme\default\template\custompage\mycustompage.tpl on line 22
2016-05-03 10:42:25 - PHP Notice:  Undefined variable: button_continue in C:\wamp\www\projectfordmitry\catalog\view\theme\default\template\custompage\mycustompage.tpl on line 22
2016-05-03 10:47:09 - PHP Notice:  Undefined variable: continue in C:\wamp\www\projectfordmitry\catalog\view\theme\default\template\custompage\mycustompage.tpl on line 22
2016-05-03 10:47:09 - PHP Notice:  Undefined variable: button_continue in C:\wamp\www\projectfordmitry\catalog\view\theme\default\template\custompage\mycustompage.tpl on line 22
2016-05-03 10:48:37 - PHP Notice:  Undefined variable: continue in C:\wamp\www\projectfordmitry\catalog\view\theme\default\template\custompage\mycustompage.tpl on line 22
2016-05-03 10:48:37 - PHP Notice:  Undefined variable: button_continue in C:\wamp\www\projectfordmitry\catalog\view\theme\default\template\custompage\mycustompage.tpl on line 22
2016-05-03 10:48:52 - PHP Notice:  Undefined variable: continue in C:\wamp\www\projectfordmitry\catalog\view\theme\default\template\custompage\mycustompage.tpl on line 22
2016-05-03 10:48:52 - PHP Notice:  Undefined variable: button_continue in C:\wamp\www\projectfordmitry\catalog\view\theme\default\template\custompage\mycustompage.tpl on line 22
2016-05-03 10:58:42 - PHP Notice:  Undefined variable: continue in C:\wamp\www\projectfordmitry\catalog\view\theme\default\template\custompage\mycustompage.tpl on line 22
2016-05-03 10:58:42 - PHP Notice:  Undefined variable: button_continue in C:\wamp\www\projectfordmitry\catalog\view\theme\default\template\custompage\mycustompage.tpl on line 22
2016-05-03 11:00:23 - PHP Notice:  Error: Could not load template C:/wamp/www/projectfordmitry/catalog/view/theme/default/template/photo_school/school.tpl! in C:\wamp\www\projectfordmitry\system\library\template\basic.php on line 26
2016-05-03 11:02:14 - PHP Notice:  Error: Could not load template C:/wamp/www/projectfordmitry/catalog/view/theme/default/template/school/school.tpl! in C:\wamp\www\projectfordmitry\system\library\template\basic.php on line 26
2016-05-03 11:02:15 - PHP Notice:  Error: Could not load template C:/wamp/www/projectfordmitry/catalog/view/theme/default/template/school/school.tpl! in C:\wamp\www\projectfordmitry\system\library\template\basic.php on line 26
2016-05-03 11:02:51 - PHP Notice:  Undefined variable: continue in C:\wamp\www\projectfordmitry\catalog\view\theme\default\template\school\school.tpl on line 22
2016-05-03 11:02:51 - PHP Notice:  Undefined variable: button_continue in C:\wamp\www\projectfordmitry\catalog\view\theme\default\template\school\school.tpl on line 22
2016-05-04 7:00:38 - PHP Notice:  Error: Could not load template C:/wamp/www/projectfordmitry/catalog/view/theme/default/template/default/template/payment/privat24.tpl! in C:\wamp\www\projectfordmitry\system\library\template\basic.php on line 26
2016-05-04 7:08:20 - PHP Notice:  Error: Could not load template C:/wamp/www/projectfordmitry/catalog/view/theme/default/template/default/template/payment/privat24.tpl! in C:\wamp\www\projectfordmitry\system\library\template\basic.php on line 26
2016-05-04 7:08:35 - PHP Notice:  Error: Could not load template C:/wamp/www/projectfordmitry/catalog/view/theme/default/template/default/template/payment/privat24.tpl! in C:\wamp\www\projectfordmitry\system\library\template\basic.php on line 26
2016-05-04 7:18:00 - PHP Notice:  Array to string conversion in C:\wamp\www\projectfordmitry\catalog\controller\payment\privat24.php on line 33
2016-05-04 7:18:00 - PHP Notice:  Error: Could not load template C:/wamp/www/projectfordmitry/catalog/view/theme/default/template/payment/privat24.tplArray.tpl! in C:\wamp\www\projectfordmitry\system\library\template\basic.php on line 26
2016-05-04 7:18:27 - PHP Notice:  Array to string conversion in C:\wamp\www\projectfordmitry\catalog\controller\payment\privat24.php on line 33
2016-05-04 7:18:27 - PHP Notice:  Error: Could not load template C:/wamp/www/projectfordmitry/catalog/view/theme/default/template/default/template/payment/privat24.tplArray.tpl! in C:\wamp\www\projectfordmitry\system\library\template\basic.php on line 26
2016-05-04 7:19:06 - PHP Notice:  Undefined variable: xml in C:\wamp\www\projectfordmitry\catalog\view\theme\default\template\payment\privat24.tpl on line 19
2016-05-04 7:19:06 - PHP Notice:  Undefined variable: signature in C:\wamp\www\projectfordmitry\catalog\view\theme\default\template\payment\privat24.tpl on line 20
